Base path: C:/Program Files/Unity/Editor/Data
Pipe name: \\.\pipe\UnityShaderCompiler-64bit-2-7556
Cmd: getPlatforms
Cmd: compileSnippet
  api=8 type=0 insize=7257 outsize=7085 kw=DIRECTIONAL SHADOWS_OFF LIGHTMAP_OFF DIRLIGHTMAP_OFF DYNAMICLIGHTMAP_OFF ok=1
Cmd: compileSnippet
  api=8 type=0 insize=7257 outsize=8141 kw=DIRECTIONAL SHADOWS_SCREEN SHADOWS_NATIVE LIGHTMAP_OFF DIRLIGHTMAP_OFF DYNAMICLIGHTMAP_OFF ok=1
Cmd: compileSnippet
  api=4 type=1 insize=7257 outsize=2371 kw=DIRECTIONAL SHADOWS_SCREEN LIGHTMAP_OFF DIRLIGHTMAP_OFF DYNAMICLIGHTMAP_OFF ok=1
Cmd: compileSnippet
  api=4 type=0 insize=4694 outsize=3955 kw=POINT ok=1
Cmd: compileSnippet
  api=4 type=0 insize=4694 outsize=3955 kw=SPOT ok=1
Cmd: compileSnippet
  api=8 type=0 insize=4694 outsize=5688 kw=POINT_COOKIE ok=1
Cmd: compileSnippet
  api=8 type=1 insize=4694 outsize=4128 kw=POINT ok=1
Cmd: compileSnippet
  api=8 type=1 insize=4694 outsize=4875 kw=SPOT ok=1
Cmd: compileSnippet
  api=1 type=1 insize=4694 outsize=670 kw=DIRECTIONAL_COOKIE ok=1
Cmd: compileSnippet
  api=4 type=1 insize=3899 outsize=1526 kw= ok=1
Cmd: compileSnippet
  api=8 type=0 insize=6267 outsize=5826 kw=LIGHTMAP_OFF DIRLIGHTMAP_OFF DYNAMICLIGHTMAP_OFF HDR_LIGHT_PREPASS_OFF ok=1
Cmd: compileSnippet
  api=8 type=1 insize=6267 outsize=2039 kw=LIGHTMAP_OFF DIRLIGHTMAP_OFF DYNAMICLIGHTMAP_OFF HDR_LIGHT_PREPASS_OFF ok=1
Cmd: compileSnippet
  api=4 type=0 insize=7116 outsize=5011 kw=LIGHTMAP_OFF DIRLIGHTMAP_OFF DYNAMICLIGHTMAP_OFF HDR_LIGHT_PREPASS_OFF ok=1
Cmd: compileSnippet
  api=4 type=1 insize=7116 outsize=2387 kw=LIGHTMAP_OFF DIRLIGHTMAP_OFF DYNAMICLIGHTMAP_OFF HDR_LIGHT_PREPASS_OFF ok=1
Cmd: compileSnippet
  api=4 type=0 insize=7523 outsize=5109 kw=DIRECTIONAL SHADOWS_SCREEN LIGHTMAP_OFF DIRLIGHTMAP_OFF DYNAMICLIGHTMAP_OFF ok=1
Cmd: compileSnippet
  api=4 type=0 insize=4918 outsize=3955 kw=POINT ok=1
Cmd: compileSnippet
  api=1 type=0 insize=4918 outsize=819 kw=DIRECTIONAL_COOKIE ok=1
Cmd: compileSnippet
  api=4 type=0 insize=4918 outsize=3955 kw=DIRECTIONAL_COOKIE ok=1
Cmd: compileSnippet
  api=1 type=1 insize=4918 outsize=1156 kw=SPOT ok=1
Cmd: compileSnippet
  api=1 type=1 insize=4918 outsize=951 kw=DIRECTIONAL_COOKIE ok=1
Cmd: compileSnippet
  api=4 type=1 insize=4918 outsize=3378 kw=DIRECTIONAL_COOKIE ok=1
Cmd: compileSnippet
  api=4 type=0 insize=4037 outsize=3914 kw= ok=1
Cmd: compileSnippet
  api=4 type=1 insize=4037 outsize=1566 kw= ok=1
Cmd: compileSnippet
  api=4 type=0 insize=6408 outsize=4077 kw=LIGHTMAP_OFF DIRLIGHTMAP_OFF DYNAMICLIGHTMAP_OFF UNITY_HDR_ON ok=1
Cmd: compileSnippet
  api=4 type=1 insize=6408 outsize=1509 kw=LIGHTMAP_OFF DIRLIGHTMAP_OFF DYNAMICLIGHTMAP_OFF UNITY_HDR_ON ok=1
Cmd: compileSnippet
  api=1 type=0 insize=7382 outsize=1006 kw=LIGHTMAP_OFF DIRLIGHTMAP_OFF DYNAMICLIGHTMAP_OFF UNITY_HDR_ON ok=1
Cmd: compileSnippet
  api=4 type=1 insize=7382 outsize=2655 kw=LIGHTMAP_OFF DIRLIGHTMAP_OFF DYNAMICLIGHTMAP_OFF UNITY_HDR_ON ok=1
Cmd: compileSnippet
  api=4 type=0 insize=7321 outsize=4873 kw=DIRECTIONAL SHADOWS_OFF LIGHTMAP_OFF DIRLIGHTMAP_OFF DYNAMICLIGHTMAP_OFF ok=1
Cmd: compileSnippet
  api=4 type=0 insize=7321 outsize=6287 kw=DIRECTIONAL SHADOWS_OFF LIGHTMAP_OFF DIRLIGHTMAP_OFF DYNAMICLIGHTMAP_OFF VERTEXLIGHT_ON ok=1
Cmd: compileSnippet
  api=8 type=0 insize=7321 outsize=8141 kw=DIRECTIONAL SHADOWS_SCREEN SHADOWS_NATIVE LIGHTMAP_OFF DIRLIGHTMAP_OFF DYNAMICLIGHTMAP_OFF ok=1
Cmd: compileSnippet
  api=1 type=1 insize=7321 outsize=959 kw=DIRECTIONAL SHADOWS_SCREEN LIGHTMAP_OFF DIRLIGHTMAP_OFF DYNAMICLIGHTMAP_OFF ok=1
Cmd: compileSnippet
  api=8 type=1 insize=7321 outsize=5468 kw=DIRECTIONAL SHADOWS_SCREEN SHADOWS_NATIVE LIGHTMAP_OFF DIRLIGHTMAP_OFF DYNAMICLIGHTMAP_OFF ok=1
Cmd: compileSnippet
  api=1 type=0 insize=4905 outsize=725 kw=DIRECTIONAL ok=1
Cmd: compileSnippet
  api=8 type=0 insize=4905 outsize=5688 kw=DIRECTIONAL ok=1
Cmd: compileSnippet
  api=8 type=0 insize=4905 outsize=5688 kw=POINT_COOKIE ok=1
Cmd: compileSnippet
  api=1 type=1 insize=4905 outsize=849 kw=DIRECTIONAL ok=1
Cmd: compileSnippet
  api=4 type=1 insize=4905 outsize=2907 kw=DIRECTIONAL ok=1
Cmd: compileSnippet
  api=8 type=1 insize=4905 outsize=6256 kw=SPOT ok=1
Cmd: compileSnippet
  api=8 type=1 insize=4905 outsize=5168 kw=DIRECTIONAL_COOKIE ok=1
Cmd: compileSnippet
  api=8 type=0 insize=4010 outsize=5679 kw= ok=1
Cmd: compileSnippet
  api=8 type=1 insize=4010 outsize=2364 kw= ok=1
Cmd: compileSnippet
  api=1 type=0 insize=6101 outsize=707 kw=LIGHTMAP_OFF DIRLIGHTMAP_OFF DYNAMICLIGHTMAP_OFF UNITY_HDR_ON ok=1
Cmd: compileSnippet
  api=4 type=0 insize=6101 outsize=4077 kw=LIGHTMAP_OFF DIRLIGHTMAP_OFF DYNAMICLIGHTMAP_OFF UNITY_HDR_ON ok=1
Cmd: compileSnippet
  api=1 type=1 insize=6101 outsize=289 kw=LIGHTMAP_OFF DIRLIGHTMAP_OFF DYNAMICLIGHTMAP_OFF UNITY_HDR_ON ok=1
Cmd: compileSnippet
  api=8 type=1 insize=6101 outsize=2243 kw=LIGHTMAP_OFF DIRLIGHTMAP_OFF DYNAMICLIGHTMAP_OFF UNITY_HDR_ON ok=1
Cmd: compileSnippet
  api=8 type=0 insize=7240 outsize=7248 kw=LIGHTMAP_OFF DIRLIGHTMAP_OFF DYNAMICLIGHTMAP_OFF HDR_LIGHT_PREPASS_OFF ok=1
Cmd: compileSnippet
  api=4 type=1 insize=7240 outsize=2419 kw=LIGHTMAP_OFF DIRLIGHTMAP_OFF DYNAMICLIGHTMAP_OFF HDR_LIGHT_PREPASS_OFF ok=1
Cmd: compileSnippet
  api=8 type=1 insize=7240 outsize=3567 kw=LIGHTMAP_OFF DIRLIGHTMAP_OFF DYNAMICLIGHTMAP_OFF UNITY_HDR_ON ok=1
Cmd: compileSnippet
  api=8 type=0 insize=7265 outsize=5850 kw=DIRECTIONAL SHADOWS_OFF LIGHTMAP_OFF DIRLIGHTMAP_OFF DYNAMICLIGHTMAP_OFF ok=1
Cmd: compileSnippet
  api=1 type=0 insize=7265 outsize=1303 kw=DIRECTIONAL SHADOWS_SCREEN LIGHTMAP_OFF DIRLIGHTMAP_OFF DYNAMICLIGHTMAP_OFF VERTEXLIGHT_ON ok=1
Cmd: compileSnippet
  api=8 type=0 insize=7265 outsize=9214 kw=DIRECTIONAL SHADOWS_SCREEN SHADOWS_NATIVE LIGHTMAP_OFF DIRLIGHTMAP_OFF DYNAMICLIGHTMAP_OFF VERTEXLIGHT_ON ok=1
Cmd: compileSnippet
  api=1 type=1 insize=7265 outsize=424 kw=DIRECTIONAL SHADOWS_SCREEN LIGHTMAP_OFF DIRLIGHTMAP_OFF DYNAMICLIGHTMAP_OFF ok=1
Cmd: compileSnippet
  api=8 type=1 insize=7265 outsize=3169 kw=DIRECTIONAL SHADOWS_SCREEN SHADOWS_NATIVE LIGHTMAP_OFF DIRLIGHTMAP_OFF DYNAMICLIGHTMAP_OFF ok=1
Cmd: compileSnippet
  api=4 type=0 insize=3870 outsize=2753 kw=POINT ok=1
Cmd: compileSnippet
  api=1 type=0 insize=3870 outsize=339 kw=SPOT ok=1
Cmd: compileSnippet
  api=1 type=0 insize=3870 outsize=339 kw=POINT_COOKIE ok=1
Cmd: compileSnippet
  api=4 type=0 insize=3870 outsize=2753 kw=DIRECTIONAL_COOKIE ok=1
Cmd: compileSnippet
  api=8 type=1 insize=3870 outsize=2876 kw=POINT ok=1
Cmd: compileSnippet
  api=8 type=1 insize=3870 outsize=3575 kw=SPOT ok=1
Cmd: compileSnippet
  api=1 type=1 insize=3870 outsize=358 kw=DIRECTIONAL_COOKIE ok=1
Cmd: compileSnippet
  api=4 type=1 insize=3028 outsize=697 kw= ok=1
Cmd: compileSnippet
  api=1 type=0 insize=6420 outsize=808 kw=LIGHTMAP_OFF DIRLIGHTMAP_OFF DYNAMICLIGHTMAP_OFF UNITY_HDR_ON ok=1
Cmd: compileSnippet
  api=4 type=0 insize=6420 outsize=4475 kw=LIGHTMAP_OFF DIRLIGHTMAP_OFF DYNAMICLIGHTMAP_OFF UNITY_HDR_ON ok=1
Cmd: compileSnippet
  api=8 type=1 insize=6420 outsize=2543 kw=LIGHTMAP_OFF DIRLIGHTMAP_OFF DYNAMICLIGHTMAP_OFF HDR_LIGHT_PREPASS_OFF ok=1
Cmd: compileSnippet
  api=8 type=0 insize=6329 outsize=6013 kw=LIGHTMAP_OFF DIRLIGHTMAP_OFF DYNAMICLIGHTMAP_OFF HDR_LIGHT_PREPASS_OFF ok=1
Cmd: compileSnippet
  api=4 type=1 insize=6329 outsize=1989 kw=LIGHTMAP_OFF DIRLIGHTMAP_OFF DYNAMICLIGHTMAP_OFF HDR_LIGHT_PREPASS_OFF ok=1
Cmd: compileSnippet
  api=4 type=1 insize=1176 outsize=1030 kw= ok=1
Cmd: compileSnippet
  api=8 type=0 insize=1136 outsize=6923 kw= ok=1
Cmd: compileSnippet
  api=8 type=1 insize=1136 outsize=1178 kw= ok=1
Cmd: compileSnippet
  api=8 type=0 insize=1237 outsize=2088 kw= ok=1
Cmd: compileSnippet
  api=8 type=1 insize=1237 outsize=1609 kw= ok=1
Cmd: compileSnippet
  api=8 type=0 insize=1266 outsize=2088 kw= ok=1
Cmd: compileSnippet
  api=4 type=1 insize=1266 outsize=1225 kw= ok=1
Unhandled exception: Readfile from pipe failed. GLE=The pipe has been ended.


Quitting shader compiler process
